<?xml version="1.0" encoding="UTF-8"?>
<robot generator="Robot 3.1.2 (Python 3.6.8 on linux)" generated="20191125 02:09:41.968" rpa="false">
<suite id="s1" name="Robot polls tests" source="/home/ninakatila/MyCode/Robot_tests/Robot_polls_tests.robot">
<test id="s1-t1" name="User Opens Polls">
<kw name="Open Browser To Start Page" library="Robot_polls_common">
<kw name="Open Browser" library="SeleniumLibrary">
<doc>Opens a new browser instance to the optional ``url``.</doc>
<arguments>
<arg>${OPEN URL}</arg>
<arg>${BROWSER}</arg>
</arguments>
<msg timestamp="20191125 02:09:42.087" level="INFO">Opening browser 'Chrome' to base url 'http://127.0.0.1:8080/polls/'.</msg>
<status status="PASS" starttime="20191125 02:09:42.087" endtime="20191125 02:09:43.657"></status>
</kw>
<kw name="Start Page Should Be Open" library="Robot_polls_common">
<kw name="Page Should Contain Link" library="SeleniumLibrary">
<doc>Verifies link identified by ``locator`` is found from current page.</doc>
<arguments>
<arg>id=ToQuestionList</arg>
</arguments>
<msg timestamp="20191125 02:09:43.705" level="INFO">Current page contains link 'id=ToQuestionList'.</msg>
<status status="PASS" starttime="20191125 02:09:43.660" endtime="20191125 02:09:43.705"></status>
</kw>
<status status="PASS" starttime="20191125 02:09:43.658" endtime="20191125 02:09:43.705"></status>
</kw>
<status status="PASS" starttime="20191125 02:09:42.086" endtime="20191125 02:09:43.705"></status>
</kw>
<kw name="Go To Question Page" library="Robot_polls_common">
<kw name="Click Link" library="SeleniumLibrary">
<doc>Clicks a link identified by ``locator``.</doc>
<arguments>
<arg>id=ToQuestionList</arg>
</arguments>
<msg timestamp="20191125 02:09:43.706" level="INFO">Clicking link 'id=ToQuestionList'.</msg>
<status status="PASS" starttime="20191125 02:09:43.705" endtime="20191125 02:09:43.791"></status>
</kw>
<kw name="Question Page Should Be Open" library="Robot_polls_common">
<kw name="Page Should Contain Link" library="SeleniumLibrary">
<doc>Verifies link identified by ``locator`` is found from current page.</doc>
<arguments>
<arg>id=ListOfQuestions</arg>
</arguments>
<msg timestamp="20191125 02:09:43.834" level="INFO">Current page contains link 'id=ListOfQuestions'.</msg>
<status status="PASS" starttime="20191125 02:09:43.792" endtime="20191125 02:09:43.834"></status>
</kw>
<status status="PASS" starttime="20191125 02:09:43.792" endtime="20191125 02:09:43.835"></status>
</kw>
<status status="PASS" starttime="20191125 02:09:43.705" endtime="20191125 02:09:43.835"></status>
</kw>
<tags>
<tag>t1</tag>
</tags>
<status status="PASS" starttime="20191125 02:09:42.086" endtime="20191125 02:09:43.835" critical="yes"></status>
</test>
<test id="s1-t2" name="Voting First Question">
<kw name="Go To First Vote Page" library="Robot_polls_common">
<kw name="Click Link" library="SeleniumLibrary">
<doc>Clicks a link identified by ``locator``.</doc>
<arguments>
<arg>link=Denmark</arg>
</arguments>
<msg timestamp="20191125 02:09:43.836" level="INFO">Clicking link 'link=Denmark'.</msg>
<status status="PASS" starttime="20191125 02:09:43.836" endtime="20191125 02:09:43.957"></status>
</kw>
<kw name="Vote Page Should Be Open" library="Robot_polls_common">
<kw name="Page Should Contain Element" library="SeleniumLibrary">
<doc>Verifies that element ``locator`` is found on the current page.</doc>
<arguments>
<arg>id=Vote</arg>
</arguments>
<msg timestamp="20191125 02:09:43.975" level="INFO">Current page contains element 'id=Vote'.</msg>
<status status="PASS" starttime="20191125 02:09:43.958" endtime="20191125 02:09:43.976"></status>
</kw>
<status status="PASS" starttime="20191125 02:09:43.957" endtime="20191125 02:09:43.976"></status>
</kw>
<status status="PASS" starttime="20191125 02:09:43.836" endtime="20191125 02:09:43.976"></status>
</kw>
<kw name="Vote For Choice1" library="Robot_polls_common">
<kw name="Click Element" library="SeleniumLibrary">
<doc>Click the element identified by ``locator``.</doc>
<arguments>
<arg>id=choice1</arg>
</arguments>
<msg timestamp="20191125 02:09:43.977" level="INFO">Clicking element 'id=choice1'.</msg>
<status status="PASS" starttime="20191125 02:09:43.976" endtime="20191125 02:09:44.031"></status>
</kw>
<kw name="Click Element" library="SeleniumLibrary">
<doc>Click the element identified by ``locator``.</doc>
<arguments>
<arg>id=Vote</arg>
</arguments>
<msg timestamp="20191125 02:09:44.032" level="INFO">Clicking element 'id=Vote'.</msg>
<status status="PASS" starttime="20191125 02:09:44.032" endtime="20191125 02:09:44.184"></status>
</kw>
<kw name="Result Page Should Be Open" library="Robot_polls_common">
<kw name="Page Should Contain Link" library="SeleniumLibrary">
<doc>Verifies link identified by ``locator`` is found from current page.</doc>
<arguments>
<arg>id=NewVote</arg>
</arguments>
<msg timestamp="20191125 02:09:44.210" level="INFO">Current page contains link 'id=NewVote'.</msg>
<status status="PASS" starttime="20191125 02:09:44.184" endtime="20191125 02:09:44.210"></status>
</kw>
<status status="PASS" starttime="20191125 02:09:44.184" endtime="20191125 02:09:44.210"></status>
</kw>
<status status="PASS" starttime="20191125 02:09:43.976" endtime="20191125 02:09:44.210"></status>
</kw>
<kw name="Vote Again" library="Robot_polls_common">
<kw name="Click Link" library="SeleniumLibrary">
<doc>Clicks a link identified by ``locator``.</doc>
<arguments>
<arg>id=NewVote</arg>
</arguments>
<msg timestamp="20191125 02:09:44.212" level="INFO">Clicking link 'id=NewVote'.</msg>
<status status="PASS" starttime="20191125 02:09:44.212" endtime="20191125 02:09:44.412"></status>
</kw>
<kw name="Question Page Should Be Open" library="Robot_polls_common">
<kw name="Page Should Contain Link" library="SeleniumLibrary">
<doc>Verifies link identified by ``locator`` is found from current page.</doc>
<arguments>
<arg>id=ListOfQuestions</arg>
</arguments>
<msg timestamp="20191125 02:09:44.454" level="INFO">Current page contains link 'id=ListOfQuestions'.</msg>
<status status="PASS" starttime="20191125 02:09:44.413" endtime="20191125 02:09:44.454"></status>
</kw>
<status status="PASS" starttime="20191125 02:09:44.413" endtime="20191125 02:09:44.454"></status>
</kw>
<status status="PASS" starttime="20191125 02:09:44.211" endtime="20191125 02:09:44.454"></status>
</kw>
<kw name="Go To First Vote Page" library="Robot_polls_common">
<kw name="Click Link" library="SeleniumLibrary">
<doc>Clicks a link identified by ``locator``.</doc>
<arguments>
<arg>link=Denmark</arg>
</arguments>
<msg timestamp="20191125 02:09:44.455" level="INFO">Clicking link 'link=Denmark'.</msg>
<status status="PASS" starttime="20191125 02:09:44.454" endtime="20191125 02:09:44.591"></status>
</kw>
<kw name="Vote Page Should Be Open" library="Robot_polls_common">
<kw name="Page Should Contain Element" library="SeleniumLibrary">
<doc>Verifies that element ``locator`` is found on the current page.</doc>
<arguments>
<arg>id=Vote</arg>
</arguments>
<msg timestamp="20191125 02:09:44.620" level="INFO">Current page contains element 'id=Vote'.</msg>
<status status="PASS" starttime="20191125 02:09:44.592" endtime="20191125 02:09:44.620"></status>
</kw>
<status status="PASS" starttime="20191125 02:09:44.591" endtime="20191125 02:09:44.620"></status>
</kw>
<status status="PASS" starttime="20191125 02:09:44.454" endtime="20191125 02:09:44.620"></status>
</kw>
<kw name="Vote For Choice2" library="Robot_polls_common">
<kw name="Click Element" library="SeleniumLibrary">
<doc>Click the element identified by ``locator``.</doc>
<arguments>
<arg>id=choice2</arg>
</arguments>
<msg timestamp="20191125 02:09:44.621" level="INFO">Clicking element 'id=choice2'.</msg>
<status status="PASS" starttime="20191125 02:09:44.621" endtime="20191125 02:09:44.700"></status>
</kw>
<kw name="Click Element" library="SeleniumLibrary">
<doc>Click the element identified by ``locator``.</doc>
<arguments>
<arg>id=Vote</arg>
</arguments>
<msg timestamp="20191125 02:09:44.701" level="INFO">Clicking element 'id=Vote'.</msg>
<status status="PASS" starttime="20191125 02:09:44.700" endtime="20191125 02:09:44.852"></status>
</kw>
<kw name="Result Page Should Be Open" library="Robot_polls_common">
<kw name="Page Should Contain Link" library="SeleniumLibrary">
<doc>Verifies link identified by ``locator`` is found from current page.</doc>
<arguments>
<arg>id=NewVote</arg>
</arguments>
<msg timestamp="20191125 02:09:44.877" level="INFO">Current page contains link 'id=NewVote'.</msg>
<status status="PASS" starttime="20191125 02:09:44.853" endtime="20191125 02:09:44.877"></status>
</kw>
<status status="PASS" starttime="20191125 02:09:44.852" endtime="20191125 02:09:44.877"></status>
</kw>
<status status="PASS" starttime="20191125 02:09:44.621" endtime="20191125 02:09:44.877"></status>
</kw>
<tags>
<tag>t1</tag>
</tags>
<status status="PASS" starttime="20191125 02:09:43.836" endtime="20191125 02:09:44.878" critical="yes"></status>
</test>
<test id="s1-t3" name="Voting Last Question">
<kw name="Vote Again" library="Robot_polls_common">
<kw name="Click Link" library="SeleniumLibrary">
<doc>Clicks a link identified by ``locator``.</doc>
<arguments>
<arg>id=NewVote</arg>
</arguments>
<msg timestamp="20191125 02:09:44.882" level="INFO">Clicking link 'id=NewVote'.</msg>
<status status="PASS" starttime="20191125 02:09:44.881" endtime="20191125 02:09:44.990"></status>
</kw>
<kw name="Question Page Should Be Open" library="Robot_polls_common">
<kw name="Page Should Contain Link" library="SeleniumLibrary">
<doc>Verifies link identified by ``locator`` is found from current page.</doc>
<arguments>
<arg>id=ListOfQuestions</arg>
</arguments>
<msg timestamp="20191125 02:09:45.044" level="INFO">Current page contains link 'id=ListOfQuestions'.</msg>
<status status="PASS" starttime="20191125 02:09:44.991" endtime="20191125 02:09:45.044"></status>
</kw>
<status status="PASS" starttime="20191125 02:09:44.990" endtime="20191125 02:09:45.045"></status>
</kw>
<status status="PASS" starttime="20191125 02:09:44.881" endtime="20191125 02:09:45.045"></status>
</kw>
<kw name="Go To Last Vote Page" library="Robot_polls_common">
<kw name="Click Link" library="SeleniumLibrary">
<doc>Clicks a link identified by ``locator``.</doc>
<arguments>
<arg>link=Norway</arg>
</arguments>
<msg timestamp="20191125 02:09:45.047" level="INFO">Clicking link 'link=Norway'.</msg>
<status status="PASS" starttime="20191125 02:09:45.046" endtime="20191125 02:09:45.136"></status>
</kw>
<kw name="Vote Page Should Be Open" library="Robot_polls_common">
<kw name="Page Should Contain Element" library="SeleniumLibrary">
<doc>Verifies that element ``locator`` is found on the current page.</doc>
<arguments>
<arg>id=Vote</arg>
</arguments>
<msg timestamp="20191125 02:09:45.150" level="INFO">Current page contains element 'id=Vote'.</msg>
<status status="PASS" starttime="20191125 02:09:45.136" endtime="20191125 02:09:45.150"></status>
</kw>
<status status="PASS" starttime="20191125 02:09:45.136" endtime="20191125 02:09:45.151"></status>
</kw>
<status status="PASS" starttime="20191125 02:09:45.045" endtime="20191125 02:09:45.151"></status>
</kw>
<kw name="Vote For Choice1" library="Robot_polls_common">
<kw name="Click Element" library="SeleniumLibrary">
<doc>Click the element identified by ``locator``.</doc>
<arguments>
<arg>id=choice1</arg>
</arguments>
<msg timestamp="20191125 02:09:45.151" level="INFO">Clicking element 'id=choice1'.</msg>
<status status="PASS" starttime="20191125 02:09:45.151" endtime="20191125 02:09:45.200"></status>
</kw>
<kw name="Click Element" library="SeleniumLibrary">
<doc>Click the element identified by ``locator``.</doc>
<arguments>
<arg>id=Vote</arg>
</arguments>
<msg timestamp="20191125 02:09:45.201" level="INFO">Clicking element 'id=Vote'.</msg>
<status status="PASS" starttime="20191125 02:09:45.201" endtime="20191125 02:09:45.474"></status>
</kw>
<kw name="Result Page Should Be Open" library="Robot_polls_common">
<kw name="Page Should Contain Link" library="SeleniumLibrary">
<doc>Verifies link identified by ``locator`` is found from current page.</doc>
<arguments>
<arg>id=NewVote</arg>
</arguments>
<msg timestamp="20191125 02:09:45.509" level="INFO">Current page contains link 'id=NewVote'.</msg>
<status status="PASS" starttime="20191125 02:09:45.478" endtime="20191125 02:09:45.509"></status>
</kw>
<status status="PASS" starttime="20191125 02:09:45.475" endtime="20191125 02:09:45.509"></status>
</kw>
<status status="PASS" starttime="20191125 02:09:45.151" endtime="20191125 02:09:45.509"></status>
</kw>
<kw name="Vote Again" library="Robot_polls_common">
<kw name="Click Link" library="SeleniumLibrary">
<doc>Clicks a link identified by ``locator``.</doc>
<arguments>
<arg>id=NewVote</arg>
</arguments>
<msg timestamp="20191125 02:09:45.510" level="INFO">Clicking link 'id=NewVote'.</msg>
<status status="PASS" starttime="20191125 02:09:45.510" endtime="20191125 02:09:45.605"></status>
</kw>
<kw name="Question Page Should Be Open" library="Robot_polls_common">
<kw name="Page Should Contain Link" library="SeleniumLibrary">
<doc>Verifies link identified by ``locator`` is found from current page.</doc>
<arguments>
<arg>id=ListOfQuestions</arg>
</arguments>
<msg timestamp="20191125 02:09:45.639" level="INFO">Current page contains link 'id=ListOfQuestions'.</msg>
<status status="PASS" starttime="20191125 02:09:45.605" endtime="20191125 02:09:45.639"></status>
</kw>
<status status="PASS" starttime="20191125 02:09:45.605" endtime="20191125 02:09:45.639"></status>
</kw>
<status status="PASS" starttime="20191125 02:09:45.510" endtime="20191125 02:09:45.639"></status>
</kw>
<kw name="Go To Last Vote Page" library="Robot_polls_common">
<kw name="Click Link" library="SeleniumLibrary">
<doc>Clicks a link identified by ``locator``.</doc>
<arguments>
<arg>link=Norway</arg>
</arguments>
<msg timestamp="20191125 02:09:45.640" level="INFO">Clicking link 'link=Norway'.</msg>
<status status="PASS" starttime="20191125 02:09:45.640" endtime="20191125 02:09:45.730"></status>
</kw>
<kw name="Vote Page Should Be Open" library="Robot_polls_common">
<kw name="Page Should Contain Element" library="SeleniumLibrary">
<doc>Verifies that element ``locator`` is found on the current page.</doc>
<arguments>
<arg>id=Vote</arg>
</arguments>
<msg timestamp="20191125 02:09:45.740" level="INFO">Current page contains element 'id=Vote'.</msg>
<status status="PASS" starttime="20191125 02:09:45.731" endtime="20191125 02:09:45.740"></status>
</kw>
<status status="PASS" starttime="20191125 02:09:45.731" endtime="20191125 02:09:45.740"></status>
</kw>
<status status="PASS" starttime="20191125 02:09:45.640" endtime="20191125 02:09:45.740"></status>
</kw>
<kw name="Vote For Choice2" library="Robot_polls_common">
<kw name="Click Element" library="SeleniumLibrary">
<doc>Click the element identified by ``locator``.</doc>
<arguments>
<arg>id=choice2</arg>
</arguments>
<msg timestamp="20191125 02:09:45.743" level="INFO">Clicking element 'id=choice2'.</msg>
<status status="PASS" starttime="20191125 02:09:45.742" endtime="20191125 02:09:45.795"></status>
</kw>
<kw name="Click Element" library="SeleniumLibrary">
<doc>Click the element identified by ``locator``.</doc>
<arguments>
<arg>id=Vote</arg>
</arguments>
<msg timestamp="20191125 02:09:45.796" level="INFO">Clicking element 'id=Vote'.</msg>
<status status="PASS" starttime="20191125 02:09:45.795" endtime="20191125 02:09:45.997"></status>
</kw>
<kw name="Result Page Should Be Open" library="Robot_polls_common">
<kw name="Page Should Contain Link" library="SeleniumLibrary">
<doc>Verifies link identified by ``locator`` is found from current page.</doc>
<arguments>
<arg>id=NewVote</arg>
</arguments>
<msg timestamp="20191125 02:09:46.037" level="INFO">Current page contains link 'id=NewVote'.</msg>
<status status="PASS" starttime="20191125 02:09:46.000" endtime="20191125 02:09:46.038"></status>
</kw>
<status status="PASS" starttime="20191125 02:09:45.998" endtime="20191125 02:09:46.038"></status>
</kw>
<status status="PASS" starttime="20191125 02:09:45.741" endtime="20191125 02:09:46.038"></status>
</kw>
<tags>
<tag>t1</tag>
</tags>
<status status="PASS" starttime="20191125 02:09:44.879" endtime="20191125 02:09:46.039" critical="yes"></status>
</test>
<kw name="Close Browser" library="SeleniumLibrary" type="teardown">
<doc>Closes the current browser.</doc>
<status status="PASS" starttime="20191125 02:09:46.042" endtime="20191125 02:09:46.111"></status>
</kw>
<doc>Test cases for Polls app</doc>
<status status="PASS" starttime="20191125 02:09:41.969" endtime="20191125 02:09:46.111"></status>
</suite>
<statistics>
<total>
<stat pass="3" fail="0">Critical Tests</stat>
<stat pass="3" fail="0">All Tests</stat>
</total>
<tag>
<stat pass="3" fail="0">t1</stat>
</tag>
<suite>
<stat pass="3" fail="0" id="s1" name="Robot polls tests">Robot polls tests</stat>
</suite>
</statistics>
<errors>
</errors>
</robot>
